Using pre-set license
Built from '2020.3/staging' branch; Version is '2020.3.21f1 (a38c86f6690f) revision 10718342'; Using compiler version '192528614'; Build Type 'Release'
OS: 'Windows 10 Home Single Language; OS build 19042.1348; Version 2009; 64bit' Language: 'en' Physical Memory: 8039 MB
BatchMode: 1, IsHumanControllingUs: 0, StartBugReporterOnCrash: 0, Is64bit: 1, IsPro: 0

COMMAND LINE ARGUMENTS:
C:\Program Files\Unity\Hub\Editor\2020.3.21f1\Editor\Unity.exe
-adb2
-batchMode
-noUpm
-name
AssetImportWorker0
-projectPath
C:/Users/Mohan Kumar/arvr_proj2
-logFile
Logs/AssetImportWorker0.log
-srvPort
58422
Successfully changed project path to: C:/Users/Mohan Kumar/arvr_proj2
C:/Users/Mohan Kumar/arvr_proj2
Using Asset Import Pipeline V2.
Refreshing native plugins compatible for Editor in 168.27 ms, found 2 plugins.
Preloading 0 native plugins for Editor in 0.00 ms.
Initialize engine version: 2020.3.21f1 (a38c86f6690f)
[Subsystems] Discovering subsystems at path C:/Program Files/Unity/Hub/Editor/2020.3.21f1/Editor/Data/Resources/UnitySubsystems
[Subsystems] Discovering subsystems at path C:/Users/Mohan Kumar/arvr_proj2/Assets
GfxDevice: creating device client; threaded=0
Direct3D:
    Version:  Direct3D 11.0 [level 11.1]
    Renderer: NVIDIA GeForce MX250 (ID=0x1d13)
    Vendor:   
    VRAM:     1983 MB
    Driver:   27.21.14.6611
Initialize mono
Mono path[0] = 'C:/Program Files/Unity/Hub/Editor/2020.3.21f1/Editor/Data/Managed'
Mono path[1] = 'C:/Program Files/Unity/Hub/Editor/2020.3.21f1/Editor/Data/MonoBleedingEdge/lib/mono/unityjit'
Mono config path = 'C:/Program Files/Unity/Hub/Editor/2020.3.21f1/Editor/Data/MonoBleedingEdge/etc'
Using monoOptions --debugger-agent=transport=dt_socket,embedding=1,server=y,suspend=n,address=127.0.0.1:56884
Begin MonoManager ReloadAssembly
Registering precompiled unity dll's ...
Register platform support module: C:/Program Files/Unity/Hub/Editor/2020.3.21f1/Editor/Data/PlaybackEngines/WindowsStandaloneSupport/UnityEditor.WindowsStandalone.Extensions.dll
Registered in 0.006621 seconds.
Native extension for WindowsStandalone target not found
Refreshing native plugins compatible for Editor in 108.56 ms, found 2 plugins.
Preloading 0 native plugins for Editor in 0.00 ms.
Mono: successfully reloaded assembly
- Completed reload, in  8.035 seconds
Domain Reload Profiling:
	ReloadAssembly (8035ms)
		BeginReloadAssembly (304ms)
			ExecutionOrderSort (0ms)
			DisableScriptedObjects (0ms)
			BackupInstance (0ms)
			ReleaseScriptingObjects (0ms)
			CreateAndSetChildDomain (4ms)
		EndReloadAssembly (1556ms)
			LoadAssemblies (290ms)
			RebuildTransferFunctionScriptingTraits (0ms)
			SetupTypeCache (478ms)
			ReleaseScriptCaches (0ms)
			RebuildScriptCaches (100ms)
			SetupLoadedEditorAssemblies (641ms)
				LogAssemblyErrors (0ms)
				InitializePlatformSupportModulesInManaged (13ms)
				SetLoadedEditorAssemblies (1ms)
				RefreshPlugins (109ms)
				BeforeProcessingInitializeOnLoad (44ms)
				ProcessInitializeOnLoadAttributes (265ms)
				ProcessInitializeOnLoadMethodAttributes (208ms)
				AfterProcessingInitializeOnLoad (0ms)
				EditorAssembliesLoaded (1ms)
			ExecutionOrderSort2 (0ms)
			AwakeInstancesAfterBackupRestoration (0ms)
Platform modules already initialized, skipping
Registering precompiled user dll's ...
Registered in 0.020730 seconds.
Begin MonoManager ReloadAssembly
Native extension for WindowsStandalone target not found
Refreshing native plugins compatible for Editor in 1.02 ms, found 2 plugins.
Preloading 0 native plugins for Editor in 0.00 ms.
Mono: successfully reloaded assembly
- Completed reload, in  5.087 seconds
Domain Reload Profiling:
	ReloadAssembly (5089ms)
		BeginReloadAssembly (709ms)
			ExecutionOrderSort (0ms)
			DisableScriptedObjects (15ms)
			BackupInstance (0ms)
			ReleaseScriptingObjects (0ms)
			CreateAndSetChildDomain (83ms)
		EndReloadAssembly (3913ms)
			LoadAssemblies (482ms)
			RebuildTransferFunctionScriptingTraits (0ms)
			SetupTypeCache (1365ms)
			ReleaseScriptCaches (3ms)
			RebuildScriptCaches (275ms)
			SetupLoadedEditorAssemblies (1333ms)
				LogAssemblyErrors (0ms)
				InitializePlatformSupportModulesInManaged (28ms)
				SetLoadedEditorAssemblies (2ms)
				RefreshPlugins (1ms)
				BeforeProcessingInitializeOnLoad (537ms)
				ProcessInitializeOnLoadAttributes (719ms)
				ProcessInitializeOnLoadMethodAttributes (23ms)
				AfterProcessingInitializeOnLoad (22ms)
				EditorAssembliesLoaded (0ms)
			ExecutionOrderSort2 (0ms)
			AwakeInstancesAfterBackupRestoration (25ms)
Platform modules already initialized, skipping
========================================================================
Worker process is ready to serve import requests
Launched and connected shader compiler UnityShaderCompiler.exe after 0.13 seconds
Refreshing native plugins compatible for Editor in 0.64 ms, found 2 plugins.
Preloading 0 native plugins for Editor in 0.00 ms.
Unloading 1493 Unused Serialized files (Serialized files now loaded: 0)
System memory in use before: 67.2 MB.
System memory in use after: 67.3 MB.

Unloading 19 unused Assets to reduce memory usage. Loaded Objects now: 1925.
Total: 8.968600 ms (FindLiveObjects: 0.391700 ms CreateObjectMapping: 0.158300 ms MarkObjects: 8.267100 ms  DeleteObjects: 0.148600 ms)

AssetImportParameters requested are different than current active one (requested -> active):
  custom:framework-win-MediaFoundation: 216162199b28c13a410421893ffa2e32 -> 
  custom:video-decoder-ogg-theora: a1e56fd34408186e4bbccfd4996cb3dc -> 
  custom:container-muxer-webm: aa71ff27fc2769a1b78a27578f13a17b -> 
  custom:container-demuxer-webm: 4f35f7cbe854078d1ac9338744f61a02 -> 
  custom:container-demuxer-ogg: 62fdf1f143b41e24485cea50d1cbac27 -> 
  custom:video-encoder-webm-vp8: eb34c28f22e8b96e1ab97ce403110664 -> 
  custom:video-decoder-webm-vp8: 9c59270c3fd7afecdb556c50c9e8de78 -> 
  custom:audio-decoder-ogg-vorbis: bf7c407c2cedff20999df2af8eb42d56 -> 
  custom:audio-encoder-webm-vorbis: bf7c407c2cedff20999df2af8eb42d56 -> 
========================================================================
Received Import Request.
  path: Assets/Materials/Red.mat
  artifactKey: Guid(7f5a1d4cfe0a54a46a17a2e960384d6d) Importer(815301076,1909f56bfc062723c751e8b465ee728b)
Start importing Assets/Materials/Red.mat using Guid(7f5a1d4cfe0a54a46a17a2e960384d6d) Importer(815301076,1909f56bfc062723c751e8b465ee728b)  -> (artifact id: '15b58fc61b1e393e5495934a8de00d08') in 0.481291 seconds 
  Import took 0.491079 seconds .

========================================================================
Received Import Request.
  Time since last request: 0.000736 seconds.
  path: Assets/Materials/NoFriction.physicMaterial
  artifactKey: Guid(c9b8843726994c64a8afa429bb1eaeb5) Importer(815301076,1909f56bfc062723c751e8b465ee728b)
Start importing Assets/Materials/NoFriction.physicMaterial using Guid(c9b8843726994c64a8afa429bb1eaeb5) Importer(815301076,1909f56bfc062723c751e8b465ee728b)  -> (artifact id: '420cc72499ccca7f32311b235783e6a6') in 0.024330 seconds 
  Import took 0.031659 seconds .

========================================================================
Received Import Request.
  Time since last request: 136.512708 seconds.
  path: Assets/Scenes/SampleScene/LightingData.asset
  artifactKey: Guid(5fbb75055f3fa824698460d9f3f8358d) Importer(815301076,1909f56bfc062723c751e8b465ee728b)
Start importing Assets/Scenes/SampleScene/LightingData.asset using Guid(5fbb75055f3fa824698460d9f3f8358d) Importer(815301076,1909f56bfc062723c751e8b465ee728b)  -> (artifact id: 'be84d4d76ddfcb9788151518c163a04f') in 0.037314 seconds 
  Import took 0.056048 seconds .

========================================================================
Received Import Request.
  Time since last request: 0.001344 seconds.
  path: Assets/Scenes/SampleScene/Lightmap-0_comp_dir.png
  artifactKey: Guid(9301778833557734395351f626face5e) Importer(815301076,1909f56bfc062723c751e8b465ee728b)
Start importing Assets/Scenes/SampleScene/Lightmap-0_comp_dir.png using Guid(9301778833557734395351f626face5e) Importer(815301076,1909f56bfc062723c751e8b465ee728b)  -> (artifact id: 'a8807824b751ae27da2c1ff7a28b4144') in 0.285474 seconds 
  Import took 0.294224 seconds .

========================================================================
Received Import Request.
  Time since last request: 0.000804 seconds.
  path: Assets/Scenes/SampleScene
  artifactKey: Guid(4b5373410dd0a104aa1f1e807de2f5e1) Importer(815301076,1909f56bfc062723c751e8b465ee728b)
Start importing Assets/Scenes/SampleScene using Guid(4b5373410dd0a104aa1f1e807de2f5e1) Importer(815301076,1909f56bfc062723c751e8b465ee728b)  -> (artifact id: 'da7e8dac33711a90496812082ebe7baa') in 0.005613 seconds 
  Import took 0.011753 seconds .

========================================================================
Received Import Request.
  Time since last request: 0.000723 seconds.
  path: Assets/Scenes/SampleScene/Lightmap-0_comp_light.exr
  artifactKey: Guid(abe1f822722f62048a2e7d3bb883ef48) Importer(815301076,1909f56bfc062723c751e8b465ee728b)
Start importing Assets/Scenes/SampleScene/Lightmap-0_comp_light.exr using Guid(abe1f822722f62048a2e7d3bb883ef48) Importer(815301076,1909f56bfc062723c751e8b465ee728b)  -> (artifact id: '0ae5e93e2ab07843166226925a06bb9d') in 0.045244 seconds 
  Import took 0.051931 seconds .

========================================================================
Received Import Request.
  Time since last request: 0.000663 seconds.
  path: Assets/Scenes/SampleScene/ReflectionProbe-0.exr
  artifactKey: Guid(c002f247f15040a4fb5785cbe527b8f3) Importer(815301076,1909f56bfc062723c751e8b465ee728b)
Start importing Assets/Scenes/SampleScene/ReflectionProbe-0.exr using Guid(c002f247f15040a4fb5785cbe527b8f3) Importer(815301076,1909f56bfc062723c751e8b465ee728b)  -> (artifact id: 'fc143c5aef660d02d3c8bd6b8618b244') in 0.083041 seconds 
  Import took 0.089370 seconds .

========================================================================
Received Import Request.
  Time since last request: 43.453386 seconds.
  path: Assets/Scenes/SampleScene/Materials
  artifactKey: Guid(0a9029ae8631bad4bba01c6a64dd377f) Importer(815301076,1909f56bfc062723c751e8b465ee728b)
Start importing Assets/Scenes/SampleScene/Materials using Guid(0a9029ae8631bad4bba01c6a64dd377f) Importer(815301076,1909f56bfc062723c751e8b465ee728b)  -> (artifact id: 'ef426689af36fdebe42d038b789e8583') in 0.009183 seconds 
  Import took 0.019267 seconds .

========================================================================
Received Import Request.
  Time since last request: 0.024689 seconds.
  path: Assets/Scenes/SampleScene/Materials/Lightmap-0_comp_dir.mat
  artifactKey: Guid(44d3b3bce5e523d49a613d9f3a1f75b1) Importer(815301076,1909f56bfc062723c751e8b465ee728b)
Start importing Assets/Scenes/SampleScene/Materials/Lightmap-0_comp_dir.mat using Guid(44d3b3bce5e523d49a613d9f3a1f75b1) Importer(815301076,1909f56bfc062723c751e8b465ee728b)  -> (artifact id: '6d78d1544506bf8030727b4d97dd4c26') in 0.037949 seconds 
  Import took 0.048619 seconds .

========================================================================
Received Import Request.
  Time since last request: 0.000936 seconds.
  path: Assets/Scenes/SampleScene/Materials/Lightmap-0_comp_light.mat
  artifactKey: Guid(4ba0131fb28c6f64d8dda723c504b1c8) Importer(815301076,1909f56bfc062723c751e8b465ee728b)
Start importing Assets/Scenes/SampleScene/Materials/Lightmap-0_comp_light.mat using Guid(4ba0131fb28c6f64d8dda723c504b1c8) Importer(815301076,1909f56bfc062723c751e8b465ee728b)  -> (artifact id: '441794314a1b2e6b73d6d3f9c9e03a68') in 0.043963 seconds 
  Import took 0.054322 seconds .

========================================================================
Received Prepare
Registering precompiled user dll's ...
Registered in 0.014528 seconds.
Begin MonoManager ReloadAssembly
Native extension for WindowsStandalone target not found
Refreshing native plugins compatible for Editor in 0.75 ms, found 2 plugins.
Preloading 0 native plugins for Editor in 0.00 ms.
Mono: successfully reloaded assembly
- Completed reload, in  4.293 seconds
Domain Reload Profiling:
	ReloadAssembly (4295ms)
		BeginReloadAssembly (467ms)
			ExecutionOrderSort (0ms)
			DisableScriptedObjects (21ms)
			BackupInstance (0ms)
			ReleaseScriptingObjects (0ms)
			CreateAndSetChildDomain (126ms)
		EndReloadAssembly (3510ms)
			LoadAssemblies (424ms)
			RebuildTransferFunctionScriptingTraits (0ms)
			SetupTypeCache (1270ms)
			ReleaseScriptCaches (2ms)
			RebuildScriptCaches (197ms)
			SetupLoadedEditorAssemblies (1192ms)
				LogAssemblyErrors (0ms)
				InitializePlatformSupportModulesInManaged (17ms)
				SetLoadedEditorAssemblies (1ms)
				RefreshPlugins (1ms)
				BeforeProcessingInitializeOnLoad (501ms)
				ProcessInitializeOnLoadAttributes (608ms)
				ProcessInitializeOnLoadMethodAttributes (31ms)
				AfterProcessingInitializeOnLoad (31ms)
				EditorAssembliesLoaded (1ms)
			ExecutionOrderSort2 (0ms)
			AwakeInstancesAfterBackupRestoration (26ms)
Platform modules already initialized, skipping
Refreshing native plugins compatible for Editor in 1.07 ms, found 2 plugins.
Preloading 0 native plugins for Editor in 0.00 ms.
Unloading 1487 Unused Serialized files (Serialized files now loaded: 0)
System memory in use before: 70.5 MB.
System memory in use after: 70.6 MB.

Unloading 14 unused Assets to reduce memory usage. Loaded Objects now: 1972.
Total: 12.061500 ms (FindLiveObjects: 0.408600 ms CreateObjectMapping: 0.146700 ms MarkObjects: 11.421400 ms  DeleteObjects: 0.080700 ms)

AssetImportParameters requested are different than current active one (requested -> active):
  custom:framework-win-MediaFoundation: 216162199b28c13a410421893ffa2e32 -> 
  custom:video-decoder-ogg-theora: a1e56fd34408186e4bbccfd4996cb3dc -> 
  custom:container-muxer-webm: aa71ff27fc2769a1b78a27578f13a17b -> 
  custom:container-demuxer-webm: 4f35f7cbe854078d1ac9338744f61a02 -> 
  custom:container-demuxer-ogg: 62fdf1f143b41e24485cea50d1cbac27 -> 
  custom:video-encoder-webm-vp8: eb34c28f22e8b96e1ab97ce403110664 -> 
  custom:video-decoder-webm-vp8: 9c59270c3fd7afecdb556c50c9e8de78 -> 
  custom:audio-decoder-ogg-vorbis: bf7c407c2cedff20999df2af8eb42d56 -> 
  custom:audio-encoder-webm-vorbis: bf7c407c2cedff20999df2af8eb42d56 -> 
========================================================================
Received Import Request.
  Time since last request: 891.023452 seconds.
  path: Assets/PlayerAnimations/CameraAnimation.controller
  artifactKey: Guid(2780438daa0db594b9231835ea10aa5e) Importer(815301076,1909f56bfc062723c751e8b465ee728b)
Start importing Assets/PlayerAnimations/CameraAnimation.controller using Guid(2780438daa0db594b9231835ea10aa5e) Importer(815301076,1909f56bfc062723c751e8b465ee728b)  -> (artifact id: '42db38bbe59c1601243f729bd4c8ccdd') in 0.117381 seconds 
  Import took 0.135811 seconds .

========================================================================
Received Prepare
Registering precompiled user dll's ...
Registered in 0.028600 seconds.
Begin MonoManager ReloadAssembly
Native extension for WindowsStandalone target not found
Refreshing native plugins compatible for Editor in 1.07 ms, found 2 plugins.
Preloading 0 native plugins for Editor in 0.00 ms.
Mono: successfully reloaded assembly
- Completed reload, in  4.468 seconds
Domain Reload Profiling:
	ReloadAssembly (4470ms)
		BeginReloadAssembly (477ms)
			ExecutionOrderSort (0ms)
			DisableScriptedObjects (24ms)
			BackupInstance (0ms)
			ReleaseScriptingObjects (0ms)
			CreateAndSetChildDomain (117ms)
		EndReloadAssembly (3700ms)
			LoadAssemblies (413ms)
			RebuildTransferFunctionScriptingTraits (0ms)
			SetupTypeCache (1299ms)
			ReleaseScriptCaches (4ms)
			RebuildScriptCaches (216ms)
			SetupLoadedEditorAssemblies (1164ms)
				LogAssemblyErrors (0ms)
				InitializePlatformSupportModulesInManaged (15ms)
				SetLoadedEditorAssemblies (1ms)
				RefreshPlugins (1ms)
				BeforeProcessingInitializeOnLoad (273ms)
				ProcessInitializeOnLoadAttributes (786ms)
				ProcessInitializeOnLoadMethodAttributes (42ms)
				AfterProcessingInitializeOnLoad (44ms)
				EditorAssembliesLoaded (1ms)
			ExecutionOrderSort2 (0ms)
			AwakeInstancesAfterBackupRestoration (37ms)
Platform modules already initialized, skipping
Refreshing native plugins compatible for Editor in 0.77 ms, found 2 plugins.
Preloading 0 native plugins for Editor in 0.00 ms.
Unloading 1487 Unused Serialized files (Serialized files now loaded: 0)
System memory in use before: 70.5 MB.
System memory in use after: 70.6 MB.

Unloading 14 unused Assets to reduce memory usage. Loaded Objects now: 1974.
Total: 7.692100 ms (FindLiveObjects: 0.408700 ms CreateObjectMapping: 0.167200 ms MarkObjects: 7.078700 ms  DeleteObjects: 0.035300 ms)

AssetImportParameters requested are different than current active one (requested -> active):
  custom:framework-win-MediaFoundation: 216162199b28c13a410421893ffa2e32 -> 
  custom:video-decoder-ogg-theora: a1e56fd34408186e4bbccfd4996cb3dc -> 
  custom:container-muxer-webm: aa71ff27fc2769a1b78a27578f13a17b -> 
  custom:container-demuxer-webm: 4f35f7cbe854078d1ac9338744f61a02 -> 
  custom:container-demuxer-ogg: 62fdf1f143b41e24485cea50d1cbac27 -> 
  custom:video-encoder-webm-vp8: eb34c28f22e8b96e1ab97ce403110664 -> 
  custom:video-decoder-webm-vp8: 9c59270c3fd7afecdb556c50c9e8de78 -> 
  custom:audio-decoder-ogg-vorbis: bf7c407c2cedff20999df2af8eb42d56 -> 
  custom:audio-encoder-webm-vorbis: bf7c407c2cedff20999df2af8eb42d56 -> 
========================================================================
Received Prepare
Registering precompiled user dll's ...
Registered in 0.015535 seconds.
Begin MonoManager ReloadAssembly
Native extension for WindowsStandalone target not found
Refreshing native plugins compatible for Editor in 1.14 ms, found 2 plugins.
Preloading 0 native plugins for Editor in 0.00 ms.
Mono: successfully reloaded assembly
- Completed reload, in  3.949 seconds
Domain Reload Profiling:
	ReloadAssembly (3950ms)
		BeginReloadAssembly (563ms)
			ExecutionOrderSort (0ms)
			DisableScriptedObjects (39ms)
			BackupInstance (0ms)
			ReleaseScriptingObjects (0ms)
			CreateAndSetChildDomain (143ms)
		EndReloadAssembly (3091ms)
			LoadAssemblies (477ms)
			RebuildTransferFunctionScriptingTraits (0ms)
			SetupTypeCache (1083ms)
			ReleaseScriptCaches (2ms)
			RebuildScriptCaches (161ms)
			SetupLoadedEditorAssemblies (1044ms)
				LogAssemblyErrors (0ms)
				InitializePlatformSupportModulesInManaged (16ms)
				SetLoadedEditorAssemblies (2ms)
				RefreshPlugins (1ms)
				BeforeProcessingInitializeOnLoad (292ms)
				ProcessInitializeOnLoadAttributes (673ms)
				ProcessInitializeOnLoadMethodAttributes (31ms)
				AfterProcessingInitializeOnLoad (28ms)
				EditorAssembliesLoaded (1ms)
			ExecutionOrderSort2 (0ms)
			AwakeInstancesAfterBackupRestoration (24ms)
Platform modules already initialized, skipping
Refreshing native plugins compatible for Editor in 1.07 ms, found 2 plugins.
Preloading 0 native plugins for Editor in 0.00 ms.
Unloading 1487 Unused Serialized files (Serialized files now loaded: 0)
System memory in use before: 70.6 MB.
System memory in use after: 70.7 MB.

Unloading 14 unused Assets to reduce memory usage. Loaded Objects now: 1976.
Total: 13.233900 ms (FindLiveObjects: 0.957000 ms CreateObjectMapping: 0.694100 ms MarkObjects: 11.487200 ms  DeleteObjects: 0.091800 ms)

AssetImportParameters requested are different than current active one (requested -> active):
  custom:framework-win-MediaFoundation: 216162199b28c13a410421893ffa2e32 -> 
  custom:video-decoder-ogg-theora: a1e56fd34408186e4bbccfd4996cb3dc -> 
  custom:container-muxer-webm: aa71ff27fc2769a1b78a27578f13a17b -> 
  custom:container-demuxer-webm: 4f35f7cbe854078d1ac9338744f61a02 -> 
  custom:container-demuxer-ogg: 62fdf1f143b41e24485cea50d1cbac27 -> 
  custom:video-encoder-webm-vp8: eb34c28f22e8b96e1ab97ce403110664 -> 
  custom:video-decoder-webm-vp8: 9c59270c3fd7afecdb556c50c9e8de78 -> 
  custom:audio-decoder-ogg-vorbis: bf7c407c2cedff20999df2af8eb42d56 -> 
  custom:audio-encoder-webm-vorbis: bf7c407c2cedff20999df2af8eb42d56 -> 
========================================================================
Received Prepare
Registering precompiled user dll's ...
Registered in 0.033138 seconds.
Begin MonoManager ReloadAssembly
Native extension for WindowsStandalone target not found
Refreshing native plugins compatible for Editor in 0.61 ms, found 2 plugins.
Preloading 0 native plugins for Editor in 0.00 ms.
Mono: successfully reloaded assembly
- Completed reload, in  4.327 seconds
Domain Reload Profiling:
	ReloadAssembly (4328ms)
		BeginReloadAssembly (384ms)
			ExecutionOrderSort (0ms)
			DisableScriptedObjects (12ms)
			BackupInstance (0ms)
			ReleaseScriptingObjects (0ms)
			CreateAndSetChildDomain (116ms)
		EndReloadAssembly (3662ms)
			LoadAssemblies (388ms)
			RebuildTransferFunctionScriptingTraits (0ms)
			SetupTypeCache (1192ms)
			ReleaseScriptCaches (7ms)
			RebuildScriptCaches (217ms)
			SetupLoadedEditorAssemblies (1072ms)
				LogAssemblyErrors (0ms)
				InitializePlatformSupportModulesInManaged (20ms)
				SetLoadedEditorAssemblies (2ms)
				RefreshPlugins (1ms)
				BeforeProcessingInitializeOnLoad (323ms)
				ProcessInitializeOnLoadAttributes (669ms)
				ProcessInitializeOnLoadMethodAttributes (32ms)
				AfterProcessingInitializeOnLoad (24ms)
				EditorAssembliesLoaded (1ms)
			ExecutionOrderSort2 (0ms)
			AwakeInstancesAfterBackupRestoration (20ms)
Platform modules already initialized, skipping
Refreshing native plugins compatible for Editor in 1.27 ms, found 2 plugins.
Preloading 0 native plugins for Editor in 0.00 ms.
Unloading 1487 Unused Serialized files (Serialized files now loaded: 0)
System memory in use before: 70.6 MB.
System memory in use after: 70.7 MB.

Unloading 14 unused Assets to reduce memory usage. Loaded Objects now: 1978.
Total: 8.325200 ms (FindLiveObjects: 0.447000 ms CreateObjectMapping: 0.162800 ms MarkObjects: 7.498500 ms  DeleteObjects: 0.212800 ms)

AssetImportParameters requested are different than current active one (requested -> active):
  custom:framework-win-MediaFoundation: 216162199b28c13a410421893ffa2e32 -> 
  custom:video-decoder-ogg-theora: a1e56fd34408186e4bbccfd4996cb3dc -> 
  custom:container-muxer-webm: aa71ff27fc2769a1b78a27578f13a17b -> 
  custom:container-demuxer-webm: 4f35f7cbe854078d1ac9338744f61a02 -> 
  custom:container-demuxer-ogg: 62fdf1f143b41e24485cea50d1cbac27 -> 
  custom:video-encoder-webm-vp8: eb34c28f22e8b96e1ab97ce403110664 -> 
  custom:video-decoder-webm-vp8: 9c59270c3fd7afecdb556c50c9e8de78 -> 
  custom:audio-decoder-ogg-vorbis: bf7c407c2cedff20999df2af8eb42d56 -> 
  custom:audio-encoder-webm-vorbis: bf7c407c2cedff20999df2af8eb42d56 -> 
========================================================================
Received Import Request.
  Time since last request: 993.125279 seconds.
  path: Assets/Materials
  artifactKey: Guid(8d2f383812fa87e42bac2a427666a1af) Importer(815301076,1909f56bfc062723c751e8b465ee728b)
Start importing Assets/Materials using Guid(8d2f383812fa87e42bac2a427666a1af) Importer(815301076,1909f56bfc062723c751e8b465ee728b)  -> (artifact id: 'f05799fe334d4ecf5f1ae241c52bccc1') in 0.015555 seconds 
  Import took 0.023833 seconds .

========================================================================
Received Import Request.
  Time since last request: 10.870284 seconds.
  path: Assets/Materials/New Material.mat
  artifactKey: Guid(683dfa905f7819e4eb7ac964edf8f689) Importer(815301076,1909f56bfc062723c751e8b465ee728b)
Start importing Assets/Materials/New Material.mat using Guid(683dfa905f7819e4eb7ac964edf8f689) Importer(815301076,1909f56bfc062723c751e8b465ee728b)  -> (artifact id: '5154d69adf8c04d83dfac758dbaa4a2d') in 0.284984 seconds 
  Import took 0.295350 seconds .

========================================================================
Received Import Request.
  Time since last request: 487.890841 seconds.
  path: Assets/Materials/New Material 1.mat
  artifactKey: Guid(54fcc4449065eb34ba7e6abe32a43299) Importer(815301076,1909f56bfc062723c751e8b465ee728b)
Start importing Assets/Materials/New Material 1.mat using Guid(54fcc4449065eb34ba7e6abe32a43299) Importer(815301076,1909f56bfc062723c751e8b465ee728b)  -> (artifact id: 'a9a46952e5345cf5da4f6d7e43b88eff') in 0.064769 seconds 
  Import took 0.076216 seconds .

========================================================================
Received Import Request.
  Time since last request: 203.125081 seconds.
  path: Assets/Materials/New Material 1.mat
  artifactKey: Guid(54fcc4449065eb34ba7e6abe32a43299) Importer(815301076,1909f56bfc062723c751e8b465ee728b)
Start importing Assets/Materials/New Material 1.mat using Guid(54fcc4449065eb34ba7e6abe32a43299) Importer(815301076,1909f56bfc062723c751e8b465ee728b)  -> (artifact id: '2751e06ff77804c01bc3ff6b1adf9bf5') in 0.023507 seconds 
  Import took 0.028998 seconds .

========================================================================
Received Import Request.
  Time since last request: 0.000547 seconds.
  path: Assets/Materials/New Material.mat
  artifactKey: Guid(683dfa905f7819e4eb7ac964edf8f689) Importer(815301076,1909f56bfc062723c751e8b465ee728b)
Start importing Assets/Materials/New Material.mat using Guid(683dfa905f7819e4eb7ac964edf8f689) Importer(815301076,1909f56bfc062723c751e8b465ee728b)  -> (artifact id: '5f20a8ebd4ec9f7771216209f2fbb778') in 0.031208 seconds 
  Import took 0.037092 seconds .

========================================================================
Received Import Request.
  Time since last request: 9.415700 seconds.
  path: Assets/Walls 2.1/Walls.FBX
  artifactKey: Guid(9969846f978fd1b4e9627fd7200715ee) Importer(815301076,1909f56bfc062723c751e8b465ee728b)
Start importing Assets/Walls 2.1/Walls.FBX using Guid(9969846f978fd1b4e9627fd7200715ee) Importer(815301076,1909f56bfc062723c751e8b465ee728b)  -> (artifact id: '17cc2fa91c1bc32edd446b8cbd252870') in 0.772435 seconds 
  Import took 0.778649 seconds .

========================================================================
Received Import Request.
  Time since last request: 8.960391 seconds.
  path: Assets/Walls 2.1/Texture
  artifactKey: Guid(186db6542111ceb49b52394c32bf081b) Importer(815301076,1909f56bfc062723c751e8b465ee728b)
Start importing Assets/Walls 2.1/Texture using Guid(186db6542111ceb49b52394c32bf081b) Importer(815301076,1909f56bfc062723c751e8b465ee728b)  -> (artifact id: '102ce763d5623fb90b778426dda3f9b1') in 0.010850 seconds 
  Import took 0.015991 seconds .

========================================================================
Received Import Request.
  Time since last request: 0.000507 seconds.
  path: Assets/Walls 2.1/Texture/Blocks-NM.jpg
  artifactKey: Guid(a7b2685ed4f979d488a2d71af0d2fdb6) Importer(815301076,1909f56bfc062723c751e8b465ee728b)
Start importing Assets/Walls 2.1/Texture/Blocks-NM.jpg using Guid(a7b2685ed4f979d488a2d71af0d2fdb6) Importer(815301076,1909f56bfc062723c751e8b465ee728b)  -> (artifact id: '66d2dc116dec92a9520fda2a1b8eab6d') in 0.037703 seconds 
  Import took 0.041926 seconds .

========================================================================
Received Import Request.
  Time since last request: 0.000403 seconds.
  path: Assets/Walls 2.1/Texture/Bricks-C-NM.jpg
  artifactKey: Guid(7280ac0b3571feb45bc543afe15b8f9e) Importer(815301076,1909f56bfc062723c751e8b465ee728b)
Start importing Assets/Walls 2.1/Texture/Bricks-C-NM.jpg using Guid(7280ac0b3571feb45bc543afe15b8f9e) Importer(815301076,1909f56bfc062723c751e8b465ee728b)  -> (artifact id: '0362ad1f1c343b7ac655fb1b2df6495a') in 0.012648 seconds 
  Import took 0.015302 seconds .

========================================================================
Received Import Request.
  Time since last request: 0.000388 seconds.
  path: Assets/Walls 2.1/Texture/Bricks-C.jpg
  artifactKey: Guid(66367892378d98a47a02ad264d645af0) Importer(815301076,1909f56bfc062723c751e8b465ee728b)
Start importing Assets/Walls 2.1/Texture/Bricks-C.jpg using Guid(66367892378d98a47a02ad264d645af0) Importer(815301076,1909f56bfc062723c751e8b465ee728b)  -> (artifact id: 'defddab313813b8613c8287d37d18998') in 0.010279 seconds 
  Import took 0.013083 seconds .

========================================================================
Received Import Request.
  Time since last request: 0.000385 seconds.
  path: Assets/Walls 2.1/Texture/Bricks-AB-NM.jpg
  artifactKey: Guid(7f9b4718563f61c40a1e0d986a6a9f94) Importer(815301076,1909f56bfc062723c751e8b465ee728b)
Start importing Assets/Walls 2.1/Texture/Bricks-AB-NM.jpg using Guid(7f9b4718563f61c40a1e0d986a6a9f94) Importer(815301076,1909f56bfc062723c751e8b465ee728b)  -> (artifact id: '0140ba301004fd414cf6316449cf3c2b') in 0.011474 seconds 
  Import took 0.013901 seconds .

========================================================================
Received Import Request.
  Time since last request: 0.000396 seconds.
  path: Assets/Walls 2.1/Texture/Blocks.jpg
  artifactKey: Guid(c517453f79d763a4ebab6a7bf94c4765) Importer(815301076,1909f56bfc062723c751e8b465ee728b)
Start importing Assets/Walls 2.1/Texture/Blocks.jpg using Guid(c517453f79d763a4ebab6a7bf94c4765) Importer(815301076,1909f56bfc062723c751e8b465ee728b)  -> (artifact id: '04ee1e6ffef23d7d1898b3b8747d101e') in 0.008018 seconds 
  Import took 0.010798 seconds .

========================================================================
Received Import Request.
  Time since last request: 0.000378 seconds.
  path: Assets/Walls 2.1/Texture/Bricks-AB.jpg
  artifactKey: Guid(fd2c474319e34194b815954800d1f0cd) Importer(815301076,1909f56bfc062723c751e8b465ee728b)
Start importing Assets/Walls 2.1/Texture/Bricks-AB.jpg using Guid(fd2c474319e34194b815954800d1f0cd) Importer(815301076,1909f56bfc062723c751e8b465ee728b)  -> (artifact id: '1b2eb8fb432558997bd81ecbafe4e0de') in 0.009024 seconds 
  Import took 0.011628 seconds .

========================================================================
Received Import Request.
  Time since last request: 329.005537 seconds.
  path: Assets/Walls 2.1/Materials
  artifactKey: Guid(090c72f0325b2064a92519bbb0ee8075) Importer(815301076,1909f56bfc062723c751e8b465ee728b)
Start importing Assets/Walls 2.1/Materials using Guid(090c72f0325b2064a92519bbb0ee8075) Importer(815301076,1909f56bfc062723c751e8b465ee728b)  -> (artifact id: 'abb9d28ea781e6862cac8a60e07b7040') in 0.004967 seconds 
  Import took 0.018891 seconds .

========================================================================
Received Import Request.
  Time since last request: 0.133436 seconds.
  path: Assets/Walls 2.1/Materials/Blocks.mat
  artifactKey: Guid(b131aae7fff8428449cac565e905bf38) Importer(815301076,1909f56bfc062723c751e8b465ee728b)
Start importing Assets/Walls 2.1/Materials/Blocks.mat using Guid(b131aae7fff8428449cac565e905bf38) Importer(815301076,1909f56bfc062723c751e8b465ee728b)  -> (artifact id: '6fab66d9ed7f38d16c862a7faad87f36') in 0.044636 seconds 
  Import took 0.059285 seconds .

========================================================================
Received Import Request.
  Time since last request: 0.000777 seconds.
  path: Assets/Walls 2.1/Materials/Bricks-C.mat
  artifactKey: Guid(c4585f14569c63b46b2e831ab311eaa9) Importer(815301076,1909f56bfc062723c751e8b465ee728b)
Start importing Assets/Walls 2.1/Materials/Bricks-C.mat using Guid(c4585f14569c63b46b2e831ab311eaa9) Importer(815301076,1909f56bfc062723c751e8b465ee728b)  -> (artifact id: '124ad7c633ca488e5bc54249843f48f7') in 0.031567 seconds 
  Import took 0.038044 seconds .

========================================================================
Received Import Request.
  Time since last request: 0.000695 seconds.
  path: Assets/Walls 2.1/Materials/Bricks-AB.mat
  artifactKey: Guid(89e086bfe9187a843ba3114496f5c703) Importer(815301076,1909f56bfc062723c751e8b465ee728b)
Start importing Assets/Walls 2.1/Materials/Bricks-AB.mat using Guid(89e086bfe9187a843ba3114496f5c703) Importer(815301076,1909f56bfc062723c751e8b465ee728b)  -> (artifact id: 'eaab351a12d1be61c822b2d0b318303f') in 0.036609 seconds 
  Import took 0.043190 seconds .

========================================================================
Received Import Request.
  Time since last request: 51.353468 seconds.
  path: Assets/Walls 2.1/Prefaps
  artifactKey: Guid(e6787be0ccf6d4d45b9753944d8cd665) Importer(815301076,1909f56bfc062723c751e8b465ee728b)
Start importing Assets/Walls 2.1/Prefaps using Guid(e6787be0ccf6d4d45b9753944d8cd665) Importer(815301076,1909f56bfc062723c751e8b465ee728b)  -> (artifact id: '09386db262210a2786458c4b339ef83b') in 0.016113 seconds 
  Import took 0.024278 seconds .

========================================================================
Received Import Request.
  Time since last request: 1.218379 seconds.
  path: Assets/Walls 2.1/Prefaps/Blocks
  artifactKey: Guid(c9042514566d0cf41a28fe4bfc576d9e) Importer(815301076,1909f56bfc062723c751e8b465ee728b)
Start importing Assets/Walls 2.1/Prefaps/Blocks using Guid(c9042514566d0cf41a28fe4bfc576d9e) Importer(815301076,1909f56bfc062723c751e8b465ee728b)  -> (artifact id: '79ea005e2836d0b606643f354532c4d9') in 0.012119 seconds 
  Import took 0.017546 seconds .

========================================================================
Received Import Request.
  Time since last request: 0.705292 seconds.
  path: Assets/Walls 2.1/Prefaps/Blocks/Blocks A
  artifactKey: Guid(698ca0b8b1c123b468500c862410199a) Importer(815301076,1909f56bfc062723c751e8b465ee728b)
Start importing Assets/Walls 2.1/Prefaps/Blocks/Blocks A using Guid(698ca0b8b1c123b468500c862410199a) Importer(815301076,1909f56bfc062723c751e8b465ee728b)  -> (artifact id: '7f61d9599136becb9d1a564bde7d8017') in 0.013386 seconds 
  Import took 0.019285 seconds .

========================================================================
Received Import Request.
  Time since last request: 0.264691 seconds.
  path: Assets/Walls 2.1/Prefaps/Blocks/Blocks A/Block A1.prefab
  artifactKey: Guid(cd8c166ca282a3640b499c4e41a0d9ee) Importer(815301076,1909f56bfc062723c751e8b465ee728b)
Start importing Assets/Walls 2.1/Prefaps/Blocks/Blocks A/Block A1.prefab using Guid(cd8c166ca282a3640b499c4e41a0d9ee) Importer(815301076,1909f56bfc062723c751e8b465ee728b)  -> (artifact id: '6e6bdfc32fe0439fb6fba16d7105c94a') in 0.049652 seconds 
  Import took 0.056008 seconds .

========================================================================
Received Import Request.
  Time since last request: 0.000567 seconds.
  path: Assets/Walls 2.1/Prefaps/Blocks/Blocks A/Block A3.prefab
  artifactKey: Guid(5f8557e868995d747a388243c00f8840) Importer(815301076,1909f56bfc062723c751e8b465ee728b)
Start importing Assets/Walls 2.1/Prefaps/Blocks/Blocks A/Block A3.prefab using Guid(5f8557e868995d747a388243c00f8840) Importer(815301076,1909f56bfc062723c751e8b465ee728b)  -> (artifact id: 'd8554c30fee5b3ddf72f4d6fd49151f9') in 0.031134 seconds 
  Import took 0.038231 seconds .

========================================================================
Received Import Request.
  Time since last request: 0.000913 seconds.
  path: Assets/Walls 2.1/Prefaps/Blocks/Blocks A/Block A2.prefab
  artifactKey: Guid(3af5d83054ae0694ea81d77dccec58d9) Importer(815301076,1909f56bfc062723c751e8b465ee728b)
Start importing Assets/Walls 2.1/Prefaps/Blocks/Blocks A/Block A2.prefab using Guid(3af5d83054ae0694ea81d77dccec58d9) Importer(815301076,1909f56bfc062723c751e8b465ee728b)  -> (artifact id: '509f0102ef6a3a9dbb3fa114fef07cde') in 0.038440 seconds 
  Import took 0.048953 seconds .

========================================================================
Received Import Request.
  Time since last request: 0.000631 seconds.
  path: Assets/Walls 2.1/Prefaps/Blocks/Blocks A/Block A4.prefab
  artifactKey: Guid(5a0ae3753e41403498c3c9103cae7a74) Importer(815301076,1909f56bfc062723c751e8b465ee728b)
Start importing Assets/Walls 2.1/Prefaps/Blocks/Blocks A/Block A4.prefab using Guid(5a0ae3753e41403498c3c9103cae7a74) Importer(815301076,1909f56bfc062723c751e8b465ee728b)  -> (artifact id: '572062d78cb29db7caef700e182cf32c') in 0.035198 seconds 
  Import took 0.043350 seconds .

========================================================================
Received Import Request.
  Time since last request: 20.527265 seconds.
  path: Assets/Walls 2.1/Prefaps/Blocks/Blocks B
  artifactKey: Guid(6786c8f3ce748a543870b37a3b9b8781) Importer(815301076,1909f56bfc062723c751e8b465ee728b)
Start importing Assets/Walls 2.1/Prefaps/Blocks/Blocks B using Guid(6786c8f3ce748a543870b37a3b9b8781) Importer(815301076,1909f56bfc062723c751e8b465ee728b)  -> (artifact id: 'c5baab2e77b676425362e4e18003f8b6') in 0.013617 seconds 
  Import took 0.021379 seconds .

========================================================================
Received Import Request.
  Time since last request: 0.070271 seconds.
  path: Assets/Walls 2.1/Prefaps/Blocks/Blocks B/Block B1.prefab
  artifactKey: Guid(3380b0fecbc216747acd561bb7ea120e) Importer(815301076,1909f56bfc062723c751e8b465ee728b)
Start importing Assets/Walls 2.1/Prefaps/Blocks/Blocks B/Block B1.prefab using Guid(3380b0fecbc216747acd561bb7ea120e) Importer(815301076,1909f56bfc062723c751e8b465ee728b)  -> (artifact id: 'b0b9f04d024beda4c85b8dab837f89ee') in 0.028281 seconds 
  Import took 0.033587 seconds .

========================================================================
Received Import Request.
  Time since last request: 0.000595 seconds.
  path: Assets/Walls 2.1/Prefaps/Blocks/Blocks B/Block B4.prefab
  artifactKey: Guid(39a248812b76f9d43bff2eec52f35eee) Importer(815301076,1909f56bfc062723c751e8b465ee728b)
Start importing Assets/Walls 2.1/Prefaps/Blocks/Blocks B/Block B4.prefab using Guid(39a248812b76f9d43bff2eec52f35eee) Importer(815301076,1909f56bfc062723c751e8b465ee728b)  -> (artifact id: '7a8b0e239e4ff4030b905d0a772731cb') in 0.030680 seconds 
  Import took 0.037369 seconds .

========================================================================
Received Import Request.
  Time since last request: 0.000908 seconds.
  path: Assets/Walls 2.1/Prefaps/Blocks/Blocks B/Block B2.prefab
  artifactKey: Guid(0c0b3b49e7f172342a3b4a06d2758465) Importer(815301076,1909f56bfc062723c751e8b465ee728b)
Start importing Assets/Walls 2.1/Prefaps/Blocks/Blocks B/Block B2.prefab using Guid(0c0b3b49e7f172342a3b4a06d2758465) Importer(815301076,1909f56bfc062723c751e8b465ee728b)  -> (artifact id: '2eaeb2636e3f136475096679b70a601f') in 0.037793 seconds 
  Import took 0.044837 seconds .

========================================================================
Received Import Request.
  Time since last request: 0.000574 seconds.
  path: Assets/Walls 2.1/Prefaps/Blocks/Blocks B/Block B3.prefab
  artifactKey: Guid(c67d5d5024fe85f4b8551e4978c542f7) Importer(815301076,1909f56bfc062723c751e8b465ee728b)
Start importing Assets/Walls 2.1/Prefaps/Blocks/Blocks B/Block B3.prefab using Guid(c67d5d5024fe85f4b8551e4978c542f7) Importer(815301076,1909f56bfc062723c751e8b465ee728b)  -> (artifact id: 'c7b2fb14b413b6f87e5bb82a565a4e27') in 0.028688 seconds 
  Import took 0.037632 seconds .

========================================================================
Received Prepare
Registering precompiled user dll's ...
Registered in 0.021078 seconds.
Begin MonoManager ReloadAssembly
Native extension for WindowsStandalone target not found
Refreshing native plugins compatible for Editor in 0.91 ms, found 2 plugins.
Preloading 0 native plugins for Editor in 0.00 ms.
Mono: successfully reloaded assembly
- Completed reload, in  3.267 seconds
Domain Reload Profiling:
	ReloadAssembly (3269ms)
		BeginReloadAssembly (431ms)
			ExecutionOrderSort (0ms)
			DisableScriptedObjects (26ms)
			BackupInstance (0ms)
			ReleaseScriptingObjects (0ms)
			CreateAndSetChildDomain (166ms)
		EndReloadAssembly (2574ms)
			LoadAssemblies (307ms)
			RebuildTransferFunctionScriptingTraits (0ms)
			SetupTypeCache (1054ms)
			ReleaseScriptCaches (2ms)
			RebuildScriptCaches (153ms)
			SetupLoadedEditorAssemblies (772ms)
				LogAssemblyErrors (0ms)
				InitializePlatformSupportModulesInManaged (16ms)
				SetLoadedEditorAssemblies (1ms)
				RefreshPlugins (1ms)
				BeforeProcessingInitializeOnLoad (237ms)
				ProcessInitializeOnLoadAttributes (473ms)
				ProcessInitializeOnLoadMethodAttributes (26ms)
				AfterProcessingInitializeOnLoad (18ms)
				EditorAssembliesLoaded (1ms)
			ExecutionOrderSort2 (0ms)
			AwakeInstancesAfterBackupRestoration (16ms)
Platform modules already initialized, skipping
Refreshing native plugins compatible for Editor in 1.21 ms, found 2 plugins.
Preloading 0 native plugins for Editor in 0.00 ms.
Unloading 1487 Unused Serialized files (Serialized files now loaded: 0)
System memory in use before: 71.6 MB.
System memory in use after: 71.7 MB.

Unloading 14 unused Assets to reduce memory usage. Loaded Objects now: 1989.
Total: 8.848200 ms (FindLiveObjects: 0.317000 ms CreateObjectMapping: 0.119100 ms MarkObjects: 8.367700 ms  DeleteObjects: 0.042200 ms)

AssetImportParameters requested are different than current active one (requested -> active):
  custom:framework-win-MediaFoundation: 216162199b28c13a410421893ffa2e32 -> 
  custom:video-decoder-ogg-theora: a1e56fd34408186e4bbccfd4996cb3dc -> 
  custom:container-muxer-webm: aa71ff27fc2769a1b78a27578f13a17b -> 
  custom:container-demuxer-webm: 4f35f7cbe854078d1ac9338744f61a02 -> 
  custom:container-demuxer-ogg: 62fdf1f143b41e24485cea50d1cbac27 -> 
  custom:video-encoder-webm-vp8: eb34c28f22e8b96e1ab97ce403110664 -> 
  custom:video-decoder-webm-vp8: 9c59270c3fd7afecdb556c50c9e8de78 -> 
  custom:audio-decoder-ogg-vorbis: bf7c407c2cedff20999df2af8eb42d56 -> 
  custom:audio-encoder-webm-vorbis: bf7c407c2cedff20999df2af8eb42d56 -> 
========================================================================
Received Import Request.
  Time since last request: 129.346930 seconds.
  path: Assets/Hand Painted Seamless Grass Texture/Materials/M_DryGrass.mat
  artifactKey: Guid(352d93a0049dfd74b9d11c4ca1a60108) Importer(815301076,1909f56bfc062723c751e8b465ee728b)
Start importing Assets/Hand Painted Seamless Grass Texture/Materials/M_DryGrass.mat using Guid(352d93a0049dfd74b9d11c4ca1a60108) Importer(815301076,1909f56bfc062723c751e8b465ee728b)  -> (artifact id: '654b753af1e04f4c4aa5b7a4ac81858c') in 0.353449 seconds 
  Import took 0.360055 seconds .

========================================================================
Received Import Request.
  Time since last request: 0.000558 seconds.
  path: Assets/Hand Painted Seamless Grass Texture/Materials/M_GreenGrass.mat
  artifactKey: Guid(98cd403008f0ccf45925a076e5c4a3b1) Importer(815301076,1909f56bfc062723c751e8b465ee728b)
Start importing Assets/Hand Painted Seamless Grass Texture/Materials/M_GreenGrass.mat using Guid(98cd403008f0ccf45925a076e5c4a3b1) Importer(815301076,1909f56bfc062723c751e8b465ee728b)  -> (artifact id: 'd7e75751554d78d78b48750cf722e440') in 0.028959 seconds 
  Import took 0.034064 seconds .

========================================================================
Received Import Request.
  Time since last request: 16.765687 seconds.
  path: Assets/Hand Painted Seamless Grass Texture/Textures/Albedo_DryGrass.tga
  artifactKey: Guid(c1d64cbeb4fad244fae43087442b9da6) Importer(815301076,1909f56bfc062723c751e8b465ee728b)
Start importing Assets/Hand Painted Seamless Grass Texture/Textures/Albedo_DryGrass.tga using Guid(c1d64cbeb4fad244fae43087442b9da6) Importer(815301076,1909f56bfc062723c751e8b465ee728b)  -> (artifact id: 'c5baf9f44b1299c12223376e89154dfc') in 0.045947 seconds 
  Import took 0.051645 seconds .

========================================================================
Received Import Request.
  Time since last request: 0.000634 seconds.
  path: Assets/Hand Painted Seamless Grass Texture/Textures/Albedo_GreenGrass.tga
  artifactKey: Guid(264a371d3384126479cd2ecfc9ed7601) Importer(815301076,1909f56bfc062723c751e8b465ee728b)
Start importing Assets/Hand Painted Seamless Grass Texture/Textures/Albedo_GreenGrass.tga using Guid(264a371d3384126479cd2ecfc9ed7601) Importer(815301076,1909f56bfc062723c751e8b465ee728b)  -> (artifact id: '563643be4a0db402c7390d55eced7338') in 0.024618 seconds 
  Import took 0.030280 seconds .

========================================================================
Received Import Request.
  Time since last request: 30.221383 seconds.
  path: Assets/Hand Painted Seamless Grass Texture/Demo
  artifactKey: Guid(d6af6a21974250a4b92860b21d63ff00) Importer(815301076,1909f56bfc062723c751e8b465ee728b)
Start importing Assets/Hand Painted Seamless Grass Texture/Demo using Guid(d6af6a21974250a4b92860b21d63ff00) Importer(815301076,1909f56bfc062723c751e8b465ee728b)  -> (artifact id: 'c5a9d642ee35fe7653af3050f9fc39f9') in 0.004658 seconds 
  Import took 0.010653 seconds .

========================================================================
Received Import Request.
  Time since last request: 0.744456 seconds.
  path: Assets/Hand Painted Seamless Grass Texture/Demo/Scenes
  artifactKey: Guid(dcb7237cb5e63dd4e9c295fec59765ca) Importer(815301076,1909f56bfc062723c751e8b465ee728b)
Start importing Assets/Hand Painted Seamless Grass Texture/Demo/Scenes using Guid(dcb7237cb5e63dd4e9c295fec59765ca) Importer(815301076,1909f56bfc062723c751e8b465ee728b)  -> (artifact id: '034b8709df9eda51ff225b2b4315d006') in 0.005587 seconds 
  Import took 0.011313 seconds .

========================================================================
Received Import Request.
  Time since last request: 2.552161 seconds.
  path: Assets/Hand Painted Seamless Grass Texture/Documentation
  artifactKey: Guid(911e9853814d0f941807381eb60cb988) Importer(815301076,1909f56bfc062723c751e8b465ee728b)
Start importing Assets/Hand Painted Seamless Grass Texture/Documentation using Guid(911e9853814d0f941807381eb60cb988) Importer(815301076,1909f56bfc062723c751e8b465ee728b)  -> (artifact id: '5ccc536c94045fee25e56527ffacc1f0') in 0.005403 seconds 
  Import took 0.019350 seconds .

========================================================================
Received Import Request.
  Time since last request: 2.152953 seconds.
  path: Assets/Hand Painted Seamless Grass Texture/Materials
  artifactKey: Guid(d365b809516b91947ad091652874cf4a) Importer(815301076,1909f56bfc062723c751e8b465ee728b)
Start importing Assets/Hand Painted Seamless Grass Texture/Materials using Guid(d365b809516b91947ad091652874cf4a) Importer(815301076,1909f56bfc062723c751e8b465ee728b)  -> (artifact id: '7b7b6c999e23fa8100903f2b279ed4dd') in 0.004965 seconds 
  Import took 0.010750 seconds .

========================================================================
Received Import Request.
  Time since last request: 2.041750 seconds.
  path: Assets/Hand Painted Seamless Grass Texture/Textures
  artifactKey: Guid(bc30a6802bc4a7f44a2d0d2d8168d77d) Importer(815301076,1909f56bfc062723c751e8b465ee728b)
Start importing Assets/Hand Painted Seamless Grass Texture/Textures using Guid(bc30a6802bc4a7f44a2d0d2d8168d77d) Importer(815301076,1909f56bfc062723c751e8b465ee728b)  -> (artifact id: '0247cdf3a0e1d98768fc4b35d8446ecb') in 0.007039 seconds 
  Import took 0.020803 seconds .

========================================================================
Received Import Request.
  Time since last request: 5.142042 seconds.
  path: Assets/Hand Painted Seamless Grass Texture/Materials/Albedo_GreenGrass.mat
  artifactKey: Guid(612c97a9ab711e448b5ecce8dc9b51e1) Importer(815301076,1909f56bfc062723c751e8b465ee728b)
Start importing Assets/Hand Painted Seamless Grass Texture/Materials/Albedo_GreenGrass.mat using Guid(612c97a9ab711e448b5ecce8dc9b51e1) Importer(815301076,1909f56bfc062723c751e8b465ee728b)  -> (artifact id: '4d6346aeb71fc959d224170808c8169b') in 0.030953 seconds 
  Import took 0.037611 seconds .

========================================================================
Received Import Request.
  Time since last request: 68.025185 seconds.
  path: Assets/Scripts/CustomTag.cs
  artifactKey: Guid(009a96eaef434ae448aac377da8b0da4) Importer(815301076,1909f56bfc062723c751e8b465ee728b)
Start importing Assets/Scripts/CustomTag.cs using Guid(009a96eaef434ae448aac377da8b0da4) Importer(815301076,1909f56bfc062723c751e8b465ee728b)  -> (artifact id: 'd6830a6846014c45594bfc992d199ccd') in 0.037478 seconds 
  Import took 0.044551 seconds .

========================================================================
Received Prepare
Registering precompiled user dll's ...
Registered in 0.018214 seconds.
Begin MonoManager ReloadAssembly
Native extension for WindowsStandalone target not found
Refreshing native plugins compatible for Editor in 0.74 ms, found 2 plugins.
Preloading 0 native plugins for Editor in 0.00 ms.
Mono: successfully reloaded assembly
- Completed reload, in  3.130 seconds
Domain Reload Profiling:
	ReloadAssembly (3131ms)
		BeginReloadAssembly (405ms)
			ExecutionOrderSort (0ms)
			DisableScriptedObjects (13ms)
			BackupInstance (0ms)
			ReleaseScriptingObjects (0ms)
			CreateAndSetChildDomain (134ms)
		EndReloadAssembly (2477ms)
			LoadAssemblies (350ms)
			RebuildTransferFunctionScriptingTraits (0ms)
			SetupTypeCache (980ms)
			ReleaseScriptCaches (2ms)
			RebuildScriptCaches (107ms)
			SetupLoadedEditorAssemblies (822ms)
				LogAssemblyErrors (0ms)
				InitializePlatformSupportModulesInManaged (14ms)
				SetLoadedEditorAssemblies (1ms)
				RefreshPlugins (1ms)
				BeforeProcessingInitializeOnLoad (264ms)
				ProcessInitializeOnLoadAttributes (498ms)
				ProcessInitializeOnLoadMethodAttributes (23ms)
				AfterProcessingInitializeOnLoad (21ms)
				EditorAssembliesLoaded (1ms)
			ExecutionOrderSort2 (0ms)
			AwakeInstancesAfterBackupRestoration (18ms)
Platform modules already initialized, skipping
Refreshing native plugins compatible for Editor in 0.65 ms, found 2 plugins.
Preloading 0 native plugins for Editor in 0.00 ms.
Unloading 1488 Unused Serialized files (Serialized files now loaded: 0)
System memory in use before: 71.9 MB.
System memory in use after: 72.1 MB.

Unloading 14 unused Assets to reduce memory usage. Loaded Objects now: 1995.
Total: 6.953000 ms (FindLiveObjects: 0.396500 ms CreateObjectMapping: 0.124400 ms MarkObjects: 6.389800 ms  DeleteObjects: 0.040200 ms)

AssetImportParameters requested are different than current active one (requested -> active):
  custom:framework-win-MediaFoundation: 216162199b28c13a410421893ffa2e32 -> 
  custom:video-decoder-ogg-theora: a1e56fd34408186e4bbccfd4996cb3dc -> 
  custom:container-muxer-webm: aa71ff27fc2769a1b78a27578f13a17b -> 
  custom:container-demuxer-webm: 4f35f7cbe854078d1ac9338744f61a02 -> 
  custom:container-demuxer-ogg: 62fdf1f143b41e24485cea50d1cbac27 -> 
  custom:video-encoder-webm-vp8: eb34c28f22e8b96e1ab97ce403110664 -> 
  custom:video-decoder-webm-vp8: 9c59270c3fd7afecdb556c50c9e8de78 -> 
  custom:audio-decoder-ogg-vorbis: bf7c407c2cedff20999df2af8eb42d56 -> 
  custom:audio-encoder-webm-vorbis: bf7c407c2cedff20999df2af8eb42d56 -> 
========================================================================
Received Prepare
Registering precompiled user dll's ...
Registered in 0.010378 seconds.
Begin MonoManager ReloadAssembly
Native extension for WindowsStandalone target not found
Refreshing native plugins compatible for Editor in 0.63 ms, found 2 plugins.
Preloading 0 native plugins for Editor in 0.00 ms.
Mono: successfully reloaded assembly
- Completed reload, in  3.245 seconds
Domain Reload Profiling:
	ReloadAssembly (3246ms)
		BeginReloadAssembly (254ms)
			ExecutionOrderSort (0ms)
			DisableScriptedObjects (11ms)
			BackupInstance (0ms)
			ReleaseScriptingObjects (0ms)
			CreateAndSetChildDomain (70ms)
		EndReloadAssembly (2790ms)
			LoadAssemblies (233ms)
			RebuildTransferFunctionScriptingTraits (0ms)
			SetupTypeCache (1111ms)
			ReleaseScriptCaches (1ms)
			RebuildScriptCaches (118ms)
			SetupLoadedEditorAssemblies (980ms)
				LogAssemblyErrors (0ms)
				InitializePlatformSupportModulesInManaged (14ms)
				SetLoadedEditorAssemblies (1ms)
				RefreshPlugins (1ms)
				BeforeProcessingInitializeOnLoad (243ms)
				ProcessInitializeOnLoadAttributes (645ms)
				ProcessInitializeOnLoadMethodAttributes (36ms)
				AfterProcessingInitializeOnLoad (38ms)
				EditorAssembliesLoaded (1ms)
			ExecutionOrderSort2 (0ms)
			AwakeInstancesAfterBackupRestoration (30ms)
Platform modules already initialized, skipping
Refreshing native plugins compatible for Editor in 1.39 ms, found 2 plugins.
Preloading 0 native plugins for Editor in 0.00 ms.
Unloading 1488 Unused Serialized files (Serialized files now loaded: 0)
System memory in use before: 71.9 MB.
System memory in use after: 72.1 MB.

Unloading 14 unused Assets to reduce memory usage. Loaded Objects now: 1997.
Total: 9.579900 ms (FindLiveObjects: 0.920700 ms CreateObjectMapping: 0.551000 ms MarkObjects: 8.066500 ms  DeleteObjects: 0.037300 ms)

AssetImportParameters requested are different than current active one (requested -> active):
  custom:framework-win-MediaFoundation: 216162199b28c13a410421893ffa2e32 -> 
  custom:video-decoder-ogg-theora: a1e56fd34408186e4bbccfd4996cb3dc -> 
  custom:container-muxer-webm: aa71ff27fc2769a1b78a27578f13a17b -> 
  custom:container-demuxer-webm: 4f35f7cbe854078d1ac9338744f61a02 -> 
  custom:container-demuxer-ogg: 62fdf1f143b41e24485cea50d1cbac27 -> 
  custom:video-encoder-webm-vp8: eb34c28f22e8b96e1ab97ce403110664 -> 
  custom:video-decoder-webm-vp8: 9c59270c3fd7afecdb556c50c9e8de78 -> 
  custom:audio-decoder-ogg-vorbis: bf7c407c2cedff20999df2af8eb42d56 -> 
  custom:audio-encoder-webm-vorbis: bf7c407c2cedff20999df2af8eb42d56 -> 
========================================================================
Received Import Request.
  Time since last request: 161.471276 seconds.
  path: Assets/Walls 2.1/Prefaps/Bricks/Bricks A
  artifactKey: Guid(e20066a249a901742948ddde377d92c9) Importer(815301076,1909f56bfc062723c751e8b465ee728b)
Start importing Assets/Walls 2.1/Prefaps/Bricks/Bricks A using Guid(e20066a249a901742948ddde377d92c9) Importer(815301076,1909f56bfc062723c751e8b465ee728b)  -> (artifact id: 'b1187609d0fb6b79f634f77b44998133') in 0.012265 seconds 
  Import took 0.018427 seconds .

========================================================================
Received Import Request.
  Time since last request: 0.018587 seconds.
  path: Assets/Walls 2.1/Prefaps/Bricks/Bricks A/Brick A1.prefab
  artifactKey: Guid(94949278d1f08d84185cc5cc8cb248b0) Importer(815301076,1909f56bfc062723c751e8b465ee728b)
Start importing Assets/Walls 2.1/Prefaps/Bricks/Bricks A/Brick A1.prefab using Guid(94949278d1f08d84185cc5cc8cb248b0) Importer(815301076,1909f56bfc062723c751e8b465ee728b)  -> (artifact id: '35fe0cf2443b6c2ed3b5acd78d50acef') in 0.195988 seconds 
  Import took 0.202110 seconds .

========================================================================
Received Import Request.
  Time since last request: 0.000624 seconds.
  path: Assets/Walls 2.1/Prefaps/Bricks/Bricks A/Brick A3.prefab
  artifactKey: Guid(2e1222cfb8ab0de47add9bb1df8138de) Importer(815301076,1909f56bfc062723c751e8b465ee728b)
Start importing Assets/Walls 2.1/Prefaps/Bricks/Bricks A/Brick A3.prefab using Guid(2e1222cfb8ab0de47add9bb1df8138de) Importer(815301076,1909f56bfc062723c751e8b465ee728b)  -> (artifact id: 'a7c7ea0e6d33c28cfbedffc29832e6ee') in 0.037702 seconds 
  Import took 0.044879 seconds .

========================================================================
Received Import Request.
  Time since last request: 0.000570 seconds.
  path: Assets/Walls 2.1/Prefaps/Bricks/Bricks A/Brick A4.prefab
  artifactKey: Guid(41f3c06e36489a64e9684bad7cd1061f) Importer(815301076,1909f56bfc062723c751e8b465ee728b)
Start importing Assets/Walls 2.1/Prefaps/Bricks/Bricks A/Brick A4.prefab using Guid(41f3c06e36489a64e9684bad7cd1061f) Importer(815301076,1909f56bfc062723c751e8b465ee728b)  -> (artifact id: 'cb6ce8410da4ebe1fcb16a1a0437bc10') in 0.036656 seconds 
  Import took 0.047011 seconds .

========================================================================
Received Import Request.
  Time since last request: 0.000787 seconds.
  path: Assets/Walls 2.1/Prefaps/Bricks/Bricks A/Brick A2.prefab
  artifactKey: Guid(34d100ebd0fef104c937f9a334a4e5e3) Importer(815301076,1909f56bfc062723c751e8b465ee728b)
Start importing Assets/Walls 2.1/Prefaps/Bricks/Bricks A/Brick A2.prefab using Guid(34d100ebd0fef104c937f9a334a4e5e3) Importer(815301076,1909f56bfc062723c751e8b465ee728b)  -> (artifact id: 'a9022f43ea60b5a24272f363d48d61d0') in 0.035992 seconds 
  Import took 0.043478 seconds .

========================================================================
Received Import Request.
  Time since last request: 209.203062 seconds.
  path: Assets/Ground textures pack/Grass 01/diffuse.tga
  artifactKey: Guid(a51044dfe95257548b466bc35528b878) Importer(815301076,1909f56bfc062723c751e8b465ee728b)
Start importing Assets/Ground textures pack/Grass 01/diffuse.tga using Guid(a51044dfe95257548b466bc35528b878) Importer(815301076,1909f56bfc062723c751e8b465ee728b)  -> (artifact id: '4f50d08cd5c5e6e1b3db9567741a4401') in 0.048141 seconds 
  Import took 0.056501 seconds .

========================================================================
Received Import Request.
  Time since last request: 0.000615 seconds.
  path: Assets/Ground textures pack/Grass 01/normal.tga
  artifactKey: Guid(0c3232df383d7984ab0e87bf7c42aadb) Importer(815301076,1909f56bfc062723c751e8b465ee728b)
Start importing Assets/Ground textures pack/Grass 01/normal.tga using Guid(0c3232df383d7984ab0e87bf7c42aadb) Importer(815301076,1909f56bfc062723c751e8b465ee728b)  -> (artifact id: 'b27c14c25cc7e9966fdf78a776f6e2bc') in 0.023453 seconds 
  Import took 0.030690 seconds .

========================================================================
Received Import Request.
  Time since last request: 0.000553 seconds.
  path: Assets/Ground textures pack/Grass 01/preview.jpg
  artifactKey: Guid(c70f0b4ce904a324c8c6dbe6d66251e6) Importer(815301076,1909f56bfc062723c751e8b465ee728b)
Start importing Assets/Ground textures pack/Grass 01/preview.jpg using Guid(c70f0b4ce904a324c8c6dbe6d66251e6) Importer(815301076,1909f56bfc062723c751e8b465ee728b)  -> (artifact id: 'b959437d2c4ff040579f9ad33f25747e') in 0.021482 seconds 
  Import took 0.031483 seconds .

========================================================================
Received Import Request.
  Time since last request: 0.001019 seconds.
  path: Assets/Ground textures pack/Grass 01/Grass pattern 01.mat
  artifactKey: Guid(2c6f5ab601d22834883d3c7e18f8be41) Importer(815301076,1909f56bfc062723c751e8b465ee728b)
Start importing Assets/Ground textures pack/Grass 01/Grass pattern 01.mat using Guid(2c6f5ab601d22834883d3c7e18f8be41) Importer(815301076,1909f56bfc062723c751e8b465ee728b)  -> (artifact id: '6bfa841682d7c208a36f0383ba343fa6') in 0.462205 seconds 
  Import took 0.467886 seconds .

========================================================================
Received Import Request.
  Time since last request: 17.414148 seconds.
  path: Assets/Ground textures pack/Grass 01/Materials
  artifactKey: Guid(db1591dced34b5d438f84efb9cc002be) Importer(815301076,1909f56bfc062723c751e8b465ee728b)
Start importing Assets/Ground textures pack/Grass 01/Materials using Guid(db1591dced34b5d438f84efb9cc002be) Importer(815301076,1909f56bfc062723c751e8b465ee728b)  -> (artifact id: 'a2949cfa00563d76e62275687d831661') in 0.006441 seconds 
  Import took 0.013588 seconds .

========================================================================
Received Import Request.
  Time since last request: 0.105020 seconds.
  path: Assets/Ground textures pack/Grass 01/Materials/diffuse.mat
  artifactKey: Guid(4875e2a3d4040424db33cf6450cc3e7a) Importer(815301076,1909f56bfc062723c751e8b465ee728b)
Start importing Assets/Ground textures pack/Grass 01/Materials/diffuse.mat using Guid(4875e2a3d4040424db33cf6450cc3e7a) Importer(815301076,1909f56bfc062723c751e8b465ee728b)  -> (artifact id: '4bd4387f8f82c4cf27be3a4349dffc25') in 0.033898 seconds 
  Import took 0.039182 seconds .

========================================================================
Received Import Request.
  Time since last request: 5.037652 seconds.
  path: Assets/Ground textures pack/Grass & rocks/diffuse.tga
  artifactKey: Guid(12ff3c37d59e28240a8f4643c3ead3d3) Importer(815301076,1909f56bfc062723c751e8b465ee728b)
Start importing Assets/Ground textures pack/Grass & rocks/diffuse.tga using Guid(12ff3c37d59e28240a8f4643c3ead3d3) Importer(815301076,1909f56bfc062723c751e8b465ee728b)  -> (artifact id: '2b429ae9c12b3b1a6ada43f6e37f55e3') in 0.021615 seconds 
  Import took 0.026694 seconds .

========================================================================
Received Import Request.
  Time since last request: 0.000606 seconds.
  path: Assets/Ground textures pack/Grass & rocks/normal.tga
  artifactKey: Guid(e5895469fa6440e4a876bf0672599e59) Importer(815301076,1909f56bfc062723c751e8b465ee728b)
Start importing Assets/Ground textures pack/Grass & rocks/normal.tga using Guid(e5895469fa6440e4a876bf0672599e59) Importer(815301076,1909f56bfc062723c751e8b465ee728b)  -> (artifact id: 'b282f3071dfd9404c9f5fa53df74bd37') in 0.019629 seconds 
  Import took 0.024574 seconds .

========================================================================
Received Import Request.
  Time since last request: 0.000556 seconds.
  path: Assets/Ground textures pack/Grass & rocks/Grass & rocks pattern.mat
  artifactKey: Guid(fedc75da63b32e249bccd7450cd29351) Importer(815301076,1909f56bfc062723c751e8b465ee728b)
Start importing Assets/Ground textures pack/Grass & rocks/Grass & rocks pattern.mat using Guid(fedc75da63b32e249bccd7450cd29351) Importer(815301076,1909f56bfc062723c751e8b465ee728b)  -> (artifact id: '110d0f12599851ad653682d0b36db2c3') in 0.024798 seconds 
  Import took 0.031103 seconds .

========================================================================
Received Import Request.
  Time since last request: 0.000603 seconds.
  path: Assets/Ground textures pack/Grass & rocks/preview.jpg
  artifactKey: Guid(8d88ad474360045458b4fb808dbb4ac9) Importer(815301076,1909f56bfc062723c751e8b465ee728b)
Start importing Assets/Ground textures pack/Grass & rocks/preview.jpg using Guid(8d88ad474360045458b4fb808dbb4ac9) Importer(815301076,1909f56bfc062723c751e8b465ee728b)  -> (artifact id: '555fc0f747abf0b0886dc62b5eda7d7e') in 0.015885 seconds 
  Import took 0.030368 seconds .

========================================================================
Received Import Request.
  Time since last request: 10.076880 seconds.
  path: Assets/Ground textures pack/Lava/diffuse.tga
  artifactKey: Guid(cc2d009b31ce2134a9438a34a78632a0) Importer(815301076,1909f56bfc062723c751e8b465ee728b)
Start importing Assets/Ground textures pack/Lava/diffuse.tga using Guid(cc2d009b31ce2134a9438a34a78632a0) Importer(815301076,1909f56bfc062723c751e8b465ee728b)  -> (artifact id: '99ec9fed1d9a3eee46bb854bf0f5cefe') in 0.019086 seconds 
  Import took 0.024749 seconds .

========================================================================
Received Import Request.
  Time since last request: 0.000933 seconds.
  path: Assets/Ground textures pack/Lava/preview.jpg
  artifactKey: Guid(70e8908fa6e673249ad9ff9cb1f1e13b) Importer(815301076,1909f56bfc062723c751e8b465ee728b)
Start importing Assets/Ground textures pack/Lava/preview.jpg using Guid(70e8908fa6e673249ad9ff9cb1f1e13b) Importer(815301076,1909f56bfc062723c751e8b465ee728b)  -> (artifact id: 'cf2ce949d63a59f8d213a17e724ff24b') in 0.013956 seconds 
  Import took 0.019339 seconds .

========================================================================
Received Import Request.
  Time since last request: 0.000634 seconds.
  path: Assets/Ground textures pack/Lava/normal.tga
  artifactKey: Guid(d9327a0e08e4ab54284a5f31a7e7db5a) Importer(815301076,1909f56bfc062723c751e8b465ee728b)
Start importing Assets/Ground textures pack/Lava/normal.tga using Guid(d9327a0e08e4ab54284a5f31a7e7db5a) Importer(815301076,1909f56bfc062723c751e8b465ee728b)  -> (artifact id: 'a446e0d5a04c149667d1a3aa220a9346') in 0.019255 seconds 
  Import took 0.024290 seconds .

========================================================================
Received Import Request.
  Time since last request: 0.000658 seconds.
  path: Assets/Ground textures pack/Lava/emissive.tga
  artifactKey: Guid(c65e186198f501046a0aba89c6335cac) Importer(815301076,1909f56bfc062723c751e8b465ee728b)
Start importing Assets/Ground textures pack/Lava/emissive.tga using Guid(c65e186198f501046a0aba89c6335cac) Importer(815301076,1909f56bfc062723c751e8b465ee728b)  -> (artifact id: '29f64dba741a1747a3ebf8d7263e8feb') in 0.020233 seconds 
  Import took 0.025143 seconds .

========================================================================
Received Import Request.
  Time since last request: 0.000555 seconds.
  path: Assets/Ground textures pack/Lava/Lava pattern.mat
  artifactKey: Guid(42e26e838cb21e944aa7de2aae4edefc) Importer(815301076,1909f56bfc062723c751e8b465ee728b)
Start importing Assets/Ground textures pack/Lava/Lava pattern.mat using Guid(42e26e838cb21e944aa7de2aae4edefc) Importer(815301076,1909f56bfc062723c751e8b465ee728b)  -> (artifact id: '89543e9ecebeb91934069ba26c2ba067') in 0.345403 seconds 
  Import took 0.351541 seconds .

========================================================================
Received Import Request.
  Time since last request: 13.949509 seconds.
  path: Assets/Ground textures pack/Dry ground/diffuse.tga
  artifactKey: Guid(f5d1de47f0f760544a5596ceb8cc895f) Importer(815301076,1909f56bfc062723c751e8b465ee728b)
Start importing Assets/Ground textures pack/Dry ground/diffuse.tga using Guid(f5d1de47f0f760544a5596ceb8cc895f) Importer(815301076,1909f56bfc062723c751e8b465ee728b)  -> (artifact id: 'e6057c720a8e631672840ccc4e8c1ac1') in 0.019249 seconds 
  Import took 0.024701 seconds .

========================================================================
Received Import Request.
  Time since last request: 0.001193 seconds.
  path: Assets/Ground textures pack/Dry ground/preview.jpg
  artifactKey: Guid(4602e8f26b3f5b24d8e4fd1af5e63cfb) Importer(815301076,1909f56bfc062723c751e8b465ee728b)
Start importing Assets/Ground textures pack/Dry ground/preview.jpg using Guid(4602e8f26b3f5b24d8e4fd1af5e63cfb) Importer(815301076,1909f56bfc062723c751e8b465ee728b)  -> (artifact id: '13dcee8cc2657162e641450ee01bc8e6') in 0.020912 seconds 
  Import took 0.026779 seconds .

========================================================================
Received Import Request.
  Time since last request: 0.000613 seconds.
  path: Assets/Ground textures pack/Dry ground/Dry ground pattern.mat
  artifactKey: Guid(d805d830c4023774cb6259aca09f431e) Importer(815301076,1909f56bfc062723c751e8b465ee728b)
Start importing Assets/Ground textures pack/Dry ground/Dry ground pattern.mat using Guid(d805d830c4023774cb6259aca09f431e) Importer(815301076,1909f56bfc062723c751e8b465ee728b)  -> (artifact id: '51ee03f92392010a9b981e03b3904e96') in 0.027314 seconds 
  Import took 0.032935 seconds .

========================================================================
Received Import Request.
  Time since last request: 0.000649 seconds.
  path: Assets/Ground textures pack/Dry ground/normal.tga
  artifactKey: Guid(af579c7a89d15d24eb8c925a43a236cf) Importer(815301076,1909f56bfc062723c751e8b465ee728b)
Start importing Assets/Ground textures pack/Dry ground/normal.tga using Guid(af579c7a89d15d24eb8c925a43a236cf) Importer(815301076,1909f56bfc062723c751e8b465ee728b)  -> (artifact id: 'b9ae1c09a289eafc941964d590c55230') in 0.022914 seconds 
  Import took 0.029381 seconds .

========================================================================
Received Import Request.
  Time since last request: 8.774157 seconds.
  path: Assets/Ground textures pack/Dry ground/Materials
  artifactKey: Guid(f6741f558eb722a469122ea4a85cef59) Importer(815301076,1909f56bfc062723c751e8b465ee728b)
Start importing Assets/Ground textures pack/Dry ground/Materials using Guid(f6741f558eb722a469122ea4a85cef59) Importer(815301076,1909f56bfc062723c751e8b465ee728b)  -> (artifact id: 'dbb16cde13b628dad81d29bc36c38d74') in 0.003999 seconds 
  Import took 0.009860 seconds .

========================================================================
Received Import Request.
  Time since last request: 0.097021 seconds.
  path: Assets/Ground textures pack/Dry ground/Materials/diffuse.mat
  artifactKey: Guid(893fc1ff9b7451a48bc39af2a625a076) Importer(815301076,1909f56bfc062723c751e8b465ee728b)
Start importing Assets/Ground textures pack/Dry ground/Materials/diffuse.mat using Guid(893fc1ff9b7451a48bc39af2a625a076) Importer(815301076,1909f56bfc062723c751e8b465ee728b)  -> (artifact id: 'c8f37dbb5d1ca83fae97bba5129e5d36') in 0.021733 seconds 
  Import took 0.034493 seconds .

========================================================================
Received Import Request.
  Time since last request: 2.470194 seconds.
  path: Assets/Ground textures pack/Grass & dead leafs 01/diffuse.tga
  artifactKey: Guid(46c9b2c471a59f24cbe88eae93a32f60) Importer(815301076,1909f56bfc062723c751e8b465ee728b)
Start importing Assets/Ground textures pack/Grass & dead leafs 01/diffuse.tga using Guid(46c9b2c471a59f24cbe88eae93a32f60) Importer(815301076,1909f56bfc062723c751e8b465ee728b)  -> (artifact id: '07af939ad62f7d5182787d8ce1ca0c53') in 0.019763 seconds 
  Import took 0.026554 seconds .

========================================================================
Received Import Request.
  Time since last request: 0.000684 seconds.
  path: Assets/Ground textures pack/Grass & dead leafs 01/normal.tga
  artifactKey: Guid(ae0e7acc3616ba441a70994eb662f6e3) Importer(815301076,1909f56bfc062723c751e8b465ee728b)
Start importing Assets/Ground textures pack/Grass & dead leafs 01/normal.tga using Guid(ae0e7acc3616ba441a70994eb662f6e3) Importer(815301076,1909f56bfc062723c751e8b465ee728b)  -> (artifact id: '362148fc4f06fab29027f0137663832c') in 0.020309 seconds 
  Import took 0.026348 seconds .

========================================================================
Received Import Request.
  Time since last request: 0.000623 seconds.
  path: Assets/Ground textures pack/Grass & dead leafs 01/Grass & dead leafs pattern 01.mat
  artifactKey: Guid(893960384de673345a82517892b28bc7) Importer(815301076,1909f56bfc062723c751e8b465ee728b)
Start importing Assets/Ground textures pack/Grass & dead leafs 01/Grass & dead leafs pattern 01.mat using Guid(893960384de673345a82517892b28bc7) Importer(815301076,1909f56bfc062723c751e8b465ee728b)  -> (artifact id: '4b8849282d3c22f8da8f1fe0678cc2a4') in 0.024379 seconds 
  Import took 0.029615 seconds .

========================================================================
Received Import Request.
  Time since last request: 0.000620 seconds.
  path: Assets/Ground textures pack/Grass & dead leafs 01/preview.jpg
  artifactKey: Guid(9f425c22a471a47459e192cb7dafd4c5) Importer(815301076,1909f56bfc062723c751e8b465ee728b)
Start importing Assets/Ground textures pack/Grass & dead leafs 01/preview.jpg using Guid(9f425c22a471a47459e192cb7dafd4c5) Importer(815301076,1909f56bfc062723c751e8b465ee728b)  -> (artifact id: '522f2b3f927dbbefddf2d6484603af26') in 0.012851 seconds 
  Import took 0.018755 seconds .

========================================================================
Received Import Request.
  Time since last request: 10.399902 seconds.
  path: Assets/Ground textures pack/Ground 01/diffuse.tga
  artifactKey: Guid(eafd0beb9c624d34f812be7d14134c2f) Importer(815301076,1909f56bfc062723c751e8b465ee728b)
Start importing Assets/Ground textures pack/Ground 01/diffuse.tga using Guid(eafd0beb9c624d34f812be7d14134c2f) Importer(815301076,1909f56bfc062723c751e8b465ee728b)  -> (artifact id: 'e478ea386767ed890e5d6625f0f2a4be') in 0.020089 seconds 
  Import took 0.026790 seconds .

========================================================================
Received Import Request.
  Time since last request: 0.000507 seconds.
  path: Assets/Ground textures pack/Ground 01/preview.jpg
  artifactKey: Guid(4e395003c6632ab4a8ad3a08d72ccb21) Importer(815301076,1909f56bfc062723c751e8b465ee728b)
Start importing Assets/Ground textures pack/Ground 01/preview.jpg using Guid(4e395003c6632ab4a8ad3a08d72ccb21) Importer(815301076,1909f56bfc062723c751e8b465ee728b)  -> (artifact id: '9e1985d9c547d2fb0021fc8269ca188e') in 0.014210 seconds 
  Import took 0.019628 seconds .

========================================================================
Received Import Request.
  Time since last request: 0.000736 seconds.
  path: Assets/Ground textures pack/Ground 01/Ground pattern 01.mat
  artifactKey: Guid(748487d582b00d847bd57517f78d8e8f) Importer(815301076,1909f56bfc062723c751e8b465ee728b)
Start importing Assets/Ground textures pack/Ground 01/Ground pattern 01.mat using Guid(748487d582b00d847bd57517f78d8e8f) Importer(815301076,1909f56bfc062723c751e8b465ee728b)  -> (artifact id: '086f40d5686fd62dbdd9e41ac1bb7209') in 0.027395 seconds 
  Import took 0.038024 seconds .

========================================================================
Received Import Request.
  Time since last request: 0.000703 seconds.
  path: Assets/Ground textures pack/Ground 01/normal.tga
  artifactKey: Guid(f49b46ff67c24a84ba0cdb7301ab7337) Importer(815301076,1909f56bfc062723c751e8b465ee728b)
Start importing Assets/Ground textures pack/Ground 01/normal.tga using Guid(f49b46ff67c24a84ba0cdb7301ab7337) Importer(815301076,1909f56bfc062723c751e8b465ee728b)  -> (artifact id: '7bd589efc80fc14ac485c7cd029cb001') in 0.029734 seconds 
  Import took 0.037783 seconds .

========================================================================
Received Import Request.
  Time since last request: 88.755402 seconds.
  path: Assets/Walls 2.1/Texture/Materials/Blocks-NM.mat
  artifactKey: Guid(2471b836384a0e54e98e35cacb0421b9) Importer(815301076,1909f56bfc062723c751e8b465ee728b)
Start importing Assets/Walls 2.1/Texture/Materials/Blocks-NM.mat using Guid(2471b836384a0e54e98e35cacb0421b9) Importer(815301076,1909f56bfc062723c751e8b465ee728b)  -> (artifact id: 'b77c2eba5e92518d6d7b1122204e0cea') in 0.030296 seconds 
  Import took 0.038387 seconds .

========================================================================
Received Import Request.
  Time since last request: 0.000625 seconds.
  path: Assets/Walls 2.1/Texture/Materials/Bricks-AB.mat
  artifactKey: Guid(ddb4fa225d47ddc4a8941da091958d28) Importer(815301076,1909f56bfc062723c751e8b465ee728b)
Start importing Assets/Walls 2.1/Texture/Materials/Bricks-AB.mat using Guid(ddb4fa225d47ddc4a8941da091958d28) Importer(815301076,1909f56bfc062723c751e8b465ee728b)  -> (artifact id: 'f6d97ac4a8188c45bf515c78d9b0b5e0') in 0.020872 seconds 
  Import took 0.025780 seconds .

========================================================================
Received Import Request.
  Time since last request: 0.000536 seconds.
  path: Assets/Walls 2.1/Texture/Materials/Bricks-C-NM.mat
  artifactKey: Guid(b3a68f8528712a749a5e5fa11d0d1eb9) Importer(815301076,1909f56bfc062723c751e8b465ee728b)
Start importing Assets/Walls 2.1/Texture/Materials/Bricks-C-NM.mat using Guid(b3a68f8528712a749a5e5fa11d0d1eb9) Importer(815301076,1909f56bfc062723c751e8b465ee728b)  -> (artifact id: '902537d0da255c5b028d877ebf1c229f') in 0.024587 seconds 
  Import took 0.030196 seconds .

========================================================================
Received Prepare
Registering precompiled user dll's ...
Registered in 0.039547 seconds.
Begin MonoManager ReloadAssembly
Native extension for WindowsStandalone target not found
Refreshing native plugins compatible for Editor in 0.98 ms, found 2 plugins.
Preloading 0 native plugins for Editor in 0.00 ms.
Mono: successfully reloaded assembly
- Completed reload, in  4.949 seconds
Domain Reload Profiling:
	ReloadAssembly (4950ms)
		BeginReloadAssembly (418ms)
			ExecutionOrderSort (0ms)
			DisableScriptedObjects (25ms)
			BackupInstance (0ms)
			ReleaseScriptingObjects (0ms)
			CreateAndSetChildDomain (130ms)
		EndReloadAssembly (4245ms)
			LoadAssemblies (394ms)
			RebuildTransferFunctionScriptingTraits (0ms)
			SetupTypeCache (2113ms)
			ReleaseScriptCaches (3ms)
			RebuildScriptCaches (141ms)
			SetupLoadedEditorAssemblies (1126ms)
				LogAssemblyErrors (0ms)
				InitializePlatformSupportModulesInManaged (27ms)
				SetLoadedEditorAssemblies (2ms)
				RefreshPlugins (1ms)
				BeforeProcessingInitializeOnLoad (319ms)
				ProcessInitializeOnLoadAttributes (714ms)
				ProcessInitializeOnLoadMethodAttributes (33ms)
				AfterProcessingInitializeOnLoad (30ms)
				EditorAssembliesLoaded (1ms)
			ExecutionOrderSort2 (0ms)
			AwakeInstancesAfterBackupRestoration (30ms)
Platform modules already initialized, skipping
Refreshing native plugins compatible for Editor in 1.43 ms, found 2 plugins.
Preloading 0 native plugins for Editor in 0.00 ms.
Unloading 1488 Unused Serialized files (Serialized files now loaded: 0)
System memory in use before: 75.0 MB.
System memory in use after: 75.1 MB.

Unloading 14 unused Assets to reduce memory usage. Loaded Objects now: 2006.
Total: 13.347300 ms (FindLiveObjects: 0.542100 ms CreateObjectMapping: 0.196700 ms MarkObjects: 12.554700 ms  DeleteObjects: 0.050400 ms)

AssetImportParameters requested are different than current active one (requested -> active):
  custom:framework-win-MediaFoundation: 216162199b28c13a410421893ffa2e32 -> 
  custom:video-decoder-ogg-theora: a1e56fd34408186e4bbccfd4996cb3dc -> 
  custom:container-muxer-webm: aa71ff27fc2769a1b78a27578f13a17b -> 
  custom:container-demuxer-webm: 4f35f7cbe854078d1ac9338744f61a02 -> 
  custom:container-demuxer-ogg: 62fdf1f143b41e24485cea50d1cbac27 -> 
  custom:video-encoder-webm-vp8: eb34c28f22e8b96e1ab97ce403110664 -> 
  custom:video-decoder-webm-vp8: 9c59270c3fd7afecdb556c50c9e8de78 -> 
  custom:audio-decoder-ogg-vorbis: bf7c407c2cedff20999df2af8eb42d56 -> 
  custom:audio-encoder-webm-vorbis: bf7c407c2cedff20999df2af8eb42d56 -> 
========================================================================
Received Import Request.
  Time since last request: 1054.538555 seconds.
  path: Assets/Walls 2.1/Materials/coin.mat
  artifactKey: Guid(6221adff5caa48443beb641e4357609b) Importer(815301076,1909f56bfc062723c751e8b465ee728b)
Start importing Assets/Walls 2.1/Materials/coin.mat using Guid(6221adff5caa48443beb641e4357609b) Importer(815301076,1909f56bfc062723c751e8b465ee728b)  -> (artifact id: 'db90d991cdc6d9c4f254b34adeb58b62') in 0.178856 seconds 
  Import took 0.187789 seconds .

========================================================================
Received Prepare
Registering precompiled user dll's ...
Registered in 0.044302 seconds.
Begin MonoManager ReloadAssembly
Native extension for WindowsStandalone target not found
Refreshing native plugins compatible for Editor in 0.91 ms, found 2 plugins.
Preloading 0 native plugins for Editor in 0.00 ms.
Mono: successfully reloaded assembly
- Completed reload, in  5.208 seconds
Domain Reload Profiling:
	ReloadAssembly (5210ms)
		BeginReloadAssembly (496ms)
			ExecutionOrderSort (0ms)
			DisableScriptedObjects (40ms)
			BackupInstance (0ms)
			ReleaseScriptingObjects (0ms)
			CreateAndSetChildDomain (166ms)
		EndReloadAssembly (4400ms)
			LoadAssemblies (439ms)
			RebuildTransferFunctionScriptingTraits (0ms)
			SetupTypeCache (2345ms)
			ReleaseScriptCaches (2ms)
			RebuildScriptCaches (241ms)
			SetupLoadedEditorAssemblies (1033ms)
				LogAssemblyErrors (0ms)
				InitializePlatformSupportModulesInManaged (20ms)
				SetLoadedEditorAssemblies (2ms)
				RefreshPlugins (1ms)
				BeforeProcessingInitializeOnLoad (291ms)
				ProcessInitializeOnLoadAttributes (662ms)
				ProcessInitializeOnLoadMethodAttributes (32ms)
				AfterProcessingInitializeOnLoad (24ms)
				EditorAssembliesLoaded (1ms)
			ExecutionOrderSort2 (0ms)
			AwakeInstancesAfterBackupRestoration (22ms)
Platform modules already initialized, skipping
Refreshing native plugins compatible for Editor in 1.87 ms, found 2 plugins.
Preloading 0 native plugins for Editor in 0.00 ms.
Unloading 1488 Unused Serialized files (Serialized files now loaded: 0)
System memory in use before: 75.0 MB.
System memory in use after: 75.1 MB.

Unloading 14 unused Assets to reduce memory usage. Loaded Objects now: 2009.
Total: 11.252500 ms (FindLiveObjects: 0.506200 ms CreateObjectMapping: 0.190900 ms MarkObjects: 10.515200 ms  DeleteObjects: 0.036800 ms)

AssetImportParameters requested are different than current active one (requested -> active):
  custom:framework-win-MediaFoundation: 216162199b28c13a410421893ffa2e32 -> 
  custom:video-decoder-ogg-theora: a1e56fd34408186e4bbccfd4996cb3dc -> 
  custom:container-muxer-webm: aa71ff27fc2769a1b78a27578f13a17b -> 
  custom:container-demuxer-webm: 4f35f7cbe854078d1ac9338744f61a02 -> 
  custom:container-demuxer-ogg: 62fdf1f143b41e24485cea50d1cbac27 -> 
  custom:video-encoder-webm-vp8: eb34c28f22e8b96e1ab97ce403110664 -> 
  custom:video-decoder-webm-vp8: 9c59270c3fd7afecdb556c50c9e8de78 -> 
  custom:audio-decoder-ogg-vorbis: bf7c407c2cedff20999df2af8eb42d56 -> 
  custom:audio-encoder-webm-vorbis: bf7c407c2cedff20999df2af8eb42d56 -> 
========================================================================
Received Import Request.
  Time since last request: 409.219021 seconds.
  path: Assets/Walls 2.1/Materials/coin.mat
  artifactKey: Guid(6221adff5caa48443beb641e4357609b) Importer(815301076,1909f56bfc062723c751e8b465ee728b)
Start importing Assets/Walls 2.1/Materials/coin.mat using Guid(6221adff5caa48443beb641e4357609b) Importer(815301076,1909f56bfc062723c751e8b465ee728b)  -> (artifact id: 'feabe86a6ace50cdde35ea10ef734598') in 0.179779 seconds 
  Import took 0.188540 seconds .

AssetImportWorkerClient::OnTransportError - code=2 error=End of file
